This is pdfTeX, Version 3.1415926-2.5-1.40.14 (TeX Live 2013) (format=.main 2014.5.23)  23 MAY 2014 01:19
entering extended mode
 restricted \write18 enabled.
 %&-line parsing enabled.
**&.main "./.main.tex"
(./.main.tex
LaTeX2e <2011/06/27>
Babel <3.9f> and hyphenation patterns for 78 languages loaded.
(./.main.aux)
\openout1 = `.main.aux'.

LaTeX Font Info:    Checking defaults for OML/cmm/m/it on input line 46.
LaTeX Font Info:    ... okay on input line 46.
LaTeX Font Info:    Checking defaults for T1/cmr/m/n on input line 46.
LaTeX Font Info:    ... okay on input line 46.
LaTeX Font Info:    Checking defaults for OT1/cmr/m/n on input line 46.
LaTeX Font Info:    ... okay on input line 46.
LaTeX Font Info:    Checking defaults for OMS/cmsy/m/n on input line 46.
LaTeX Font Info:    ... okay on input line 46.
LaTeX Font Info:    Checking defaults for OMX/cmex/m/n on input line 46.
LaTeX Font Info:    ... okay on input line 46.
LaTeX Font Info:    Checking defaults for U/cmr/m/n on input line 46.
LaTeX Font Info:    ... okay on input line 46.
LaTeX Font Info:    Checking defaults for PD1/pdf/m/n on input line 46.
LaTeX Font Info:    ... okay on input line 46.
LaTeX Font Info:    Checking defaults for PU/pdf/m/n on input line 46.
LaTeX Font Info:    ... okay on input line 46.
\AtBeginShipoutBox=\box30
(/usr/local/texlive/2013/texmf-dist/tex/context/base/supp-pdf.mkii
[Loading MPS to PDF converter (version 2006.09.02).]
\scratchcounter=\count124
\scratchdimen=\dimen143
\scratchbox=\box31
\nofMPsegments=\count125
\nofMParguments=\count126
\everyMPshowfont=\toks23
\MPscratchCnt=\count127
\MPscratchDim=\dimen144
\MPnumerator=\count128
\makeMPintoPDFobject=\count129
\everyMPtoPDFconversion=\toks24
) (/usr/local/texlive/2013/texmf-dist/tex/latex/oberdiek/epstopdf-base.sty
Package: epstopdf-base 2010/02/09 v2.5 Base part for package epstopdf
(/usr/local/texlive/2013/texmf-dist/tex/latex/oberdiek/grfext.sty
Package: grfext 2010/08/19 v1.1 Manage graphics extensions (HO)
)
Package grfext Info: Graphics extension search list:
(grfext)             [.png,.pdf,.jpg,.mps,.jpeg,.jbig2,.jb2,.PNG,.PDF,.JPG,.JPE
G,.JBIG2,.JB2,.eps]
(grfext)             \AppendGraphicsExtensions on input line 452.
(/usr/local/texlive/2013/texmf-dist/tex/latex/latexconfig/epstopdf-sys.cfg
File: epstopdf-sys.cfg 2010/07/13 v1.3 Configuration of (r)epstopdf for TeX Liv
e
))
Package hyperref Info: Link coloring ON on input line 46.
(/usr/local/texlive/2013/texmf-dist/tex/latex/hyperref/nameref.sty
Package: nameref 2012/10/27 v2.43 Cross-referencing by name of section
(/usr/local/texlive/2013/texmf-dist/tex/generic/oberdiek/gettitlestring.sty
Package: gettitlestring 2010/12/03 v1.4 Cleanup title references (HO)
)
\c@section@level=\count130
)
LaTeX Info: Redefining \ref on input line 46.
LaTeX Info: Redefining \pageref on input line 46.
LaTeX Info: Redefining \nameref on input line 46.
(./.main.out) (./.main.out)
\@outlinefile=\write3
\openout3 = `.main.out'.

(./Sections/Section1.tex
Missing character: There is no â in font cmr8!
Missing character: There is no ˆ in font cmr8!
Missing character: There is no ’ in font cmr8!
) (./Sections/Section2.tex [1{/usr/local/texlive/2013/texmf-var/fonts/map/pdfte
x/updmap/pdftex.map}] [2]) (./Sections/Section3.tex
Package epstopdf Info: Source file: <Figures/xDataPlots.eps>
(epstopdf)                    date: 2014-05-23 01:18:02
(epstopdf)                    size: 13011 bytes
(epstopdf)             Output file: <Figures/xDataPlots-eps-converted-to.pdf>
(epstopdf)                    date: 2014-05-23 01:18:04
(epstopdf)                    size: 11605 bytes
(epstopdf)             Command: <repstopdf --outfile=Figures/xDataPlots-eps-con
verted-to.pdf Figures/xDataPlots.eps>
(epstopdf)             \includegraphics on input line 9.
Package epstopdf Info: Output file is already uptodate.
<Figures/xDataPlots-eps-converted-to.pdf, id=59, 446.66875pt x 370.38374pt>
File: Figures/xDataPlots-eps-converted-to.pdf Graphic file (type pdf)
<use Figures/xDataPlots-eps-converted-to.pdf>
Package pdftex.def Info: Figures/xDataPlots-eps-converted-to.pdf used on input 
line 9.
(pdftex.def)             Requested size: 321.61024pt x 266.68738pt.
Package epstopdf Info: Source file: <Figures/vDataPlots.eps>
(epstopdf)                    date: 2014-05-23 01:18:06
(epstopdf)                    size: 14678 bytes
(epstopdf)             Output file: <Figures/vDataPlots-eps-converted-to.pdf>
(epstopdf)                    date: 2014-05-23 01:18:09
(epstopdf)                    size: 15811 bytes
(epstopdf)             Command: <repstopdf --outfile=Figures/vDataPlots-eps-con
verted-to.pdf Figures/vDataPlots.eps>
(epstopdf)             \includegraphics on input line 15.
Package epstopdf Info: Output file is already uptodate.
<Figures/vDataPlots-eps-converted-to.pdf, id=60, 443.6575pt x 370.38374pt>
File: Figures/vDataPlots-eps-converted-to.pdf Graphic file (type pdf)
<use Figures/vDataPlots-eps-converted-to.pdf>
Package pdftex.def Info: Figures/vDataPlots-eps-converted-to.pdf used on input 
line 15.
(pdftex.def)             Requested size: 321.61024pt x 268.49023pt.
(./Tables/tableFiltered.tex) (./Tables/tableSmoothed.tex)
Package epstopdf Info: Source file: <Figures/diffPlots.eps>
(epstopdf)                    date: 2014-05-23 01:18:04
(epstopdf)                    size: 14571 bytes
(epstopdf)             Output file: <Figures/diffPlots-eps-converted-to.pdf>
(epstopdf)                    date: 2014-05-23 01:18:05
(epstopdf)                    size: 14130 bytes
(epstopdf)             Command: <repstopdf --outfile=Figures/diffPlots-eps-conv
erted-to.pdf Figures/diffPlots.eps>
(epstopdf)             \includegraphics on input line 23.
Package epstopdf Info: Output file is already uptodate.
<Figures/diffPlots-eps-converted-to.pdf, id=61, 441.65pt x 370.38374pt>
File: Figures/diffPlots-eps-converted-to.pdf Graphic file (type pdf)
<use Figures/diffPlots-eps-converted-to.pdf>
Package pdftex.def Info: Figures/diffPlots-eps-converted-to.pdf used on input l
ine 23.
(pdftex.def)             Requested size: 321.61024pt x 269.72794pt.
Package epstopdf Info: Source file: <Figures/diffPlotsVelocity.eps>
(epstopdf)                    date: 2014-05-23 01:18:05
(epstopdf)                    size: 13171 bytes
(epstopdf)             Output file: <Figures/diffPlotsVelocity-eps-converted-to
.pdf>
(epstopdf)                    date: 2014-05-23 01:18:06
(epstopdf)                    size: 13618 bytes
(epstopdf)             Command: <repstopdf --outfile=Figures/diffPlotsVelocity-
eps-converted-to.pdf Figures/diffPlotsVelocity.eps>
(epstopdf)             \includegraphics on input line 29.
Package epstopdf Info: Output file is already uptodate.

<Figures/diffPlotsVelocity-eps-converted-to.pdf, id=62, 448.67625pt x 370.38374
pt>
File: Figures/diffPlotsVelocity-eps-converted-to.pdf Graphic file (type pdf)
<use Figures/diffPlotsVelocity-eps-converted-to.pdf>
Package pdftex.def Info: Figures/diffPlotsVelocity-eps-converted-to.pdf used on
 input line 29.
(pdftex.def)             Requested size: 321.61024pt x 265.50055pt.
) (./Sections/Section4.tex

LaTeX Warning: `h' float specifier changed to `ht'.


LaTeX Warning: `h' float specifier changed to `ht'.

LaTeX Font Info:    Try loading font information for OMS+cmr on input line 8.
(/usr/local/texlive/2013/texmf-dist/tex/latex/base/omscmr.fd
File: omscmr.fd 1999/05/25 v2.5h Standard LaTeX font definitions
)
LaTeX Font Info:    Font shape `OMS/cmr/m/n' in size <12> not available
(Font)              Font shape `OMS/cmsy/m/n' tried instead on input line 8.
[3 <./Figures/xDataPlots-eps-converted-to.pdf>] [4 <./Figures/vDataPlots-eps-co
nverted-to.pdf> <./Figures/diffPlots-eps-converted-to.pdf>] [5]) (./.main.bbl) 
[6] <Code/Kalman_Filtering_Code.pdf, id=123, page=1, 614.295pt x 794.97pt>
File: Code/Kalman_Filtering_Code.pdf Graphic file (type pdf)
<use Code/Kalman_Filtering_Code.pdf, page 1>
Package pdftex.def Info: Code/Kalman_Filtering_Code.pdf, page1 used on input li
ne 58.
(pdftex.def)             Requested size: 614.29349pt x 794.96806pt.
File: Code/Kalman_Filtering_Code.pdf Graphic file (type pdf)
<use Code/Kalman_Filtering_Code.pdf, page 1>
Package pdftex.def Info: Code/Kalman_Filtering_Code.pdf, page1 used on input li
ne 58.
(pdftex.def)             Requested size: 597.78697pt x 773.60669pt.
File: Code/Kalman_Filtering_Code.pdf Graphic file (type pdf)
<use Code/Kalman_Filtering_Code.pdf, page 1>
Package pdftex.def Info: Code/Kalman_Filtering_Code.pdf, page1 used on input li
ne 58.
(pdftex.def)             Requested size: 597.78697pt x 773.60669pt.
File: Code/Kalman_Filtering_Code.pdf Graphic file (type pdf)
<use Code/Kalman_Filtering_Code.pdf, page 1>
Package pdftex.def Info: Code/Kalman_Filtering_Code.pdf, page1 used on input li
ne 58.
(pdftex.def)             Requested size: 597.78697pt x 773.60669pt.
File: Code/Kalman_Filtering_Code.pdf Graphic file (type pdf)
<use Code/Kalman_Filtering_Code.pdf, page 1>
Package pdftex.def Info: Code/Kalman_Filtering_Code.pdf, page1 used on input li
ne 58.
(pdftex.def)             Requested size: 597.78697pt x 773.60669pt.
[7 <./Code/Kalman_Filtering_Code.pdf>] <Code/Kalman_Filtering_Code.pdf, id=137,
 page=2, 614.295pt x 794.97pt>
File: Code/Kalman_Filtering_Code.pdf Graphic file (type pdf)
<use Code/Kalman_Filtering_Code.pdf, page 2>
Package pdftex.def Info: Code/Kalman_Filtering_Code.pdf, page2 used on input li
ne 58.
(pdftex.def)             Requested size: 597.78697pt x 773.60669pt.
File: Code/Kalman_Filtering_Code.pdf Graphic file (type pdf)
<use Code/Kalman_Filtering_Code.pdf, page 2>
Package pdftex.def Info: Code/Kalman_Filtering_Code.pdf, page2 used on input li
ne 58.
(pdftex.def)             Requested size: 597.78697pt x 773.60669pt.
File: Code/Kalman_Filtering_Code.pdf Graphic file (type pdf)
<use Code/Kalman_Filtering_Code.pdf, page 2>
Package pdftex.def Info: Code/Kalman_Filtering_Code.pdf, page2 used on input li
ne 58.
(pdftex.def)             Requested size: 597.78697pt x 773.60669pt.
[8 <./Code/Kalman_Filtering_Code.pdf>] <Code/Kalman_Filtering_Code.pdf, id=142,
 page=3, 614.295pt x 794.97pt>
File: Code/Kalman_Filtering_Code.pdf Graphic file (type pdf)
<use Code/Kalman_Filtering_Code.pdf, page 3>
Package pdftex.def Info: Code/Kalman_Filtering_Code.pdf, page3 used on input li
ne 58.
(pdftex.def)             Requested size: 597.78697pt x 773.60669pt.
File: Code/Kalman_Filtering_Code.pdf Graphic file (type pdf)
<use Code/Kalman_Filtering_Code.pdf, page 3>
Package pdftex.def Info: Code/Kalman_Filtering_Code.pdf, page3 used on input li
ne 58.
(pdftex.def)             Requested size: 597.78697pt x 773.60669pt.
File: Code/Kalman_Filtering_Code.pdf Graphic file (type pdf)
<use Code/Kalman_Filtering_Code.pdf, page 3>
Package pdftex.def Info: Code/Kalman_Filtering_Code.pdf, page3 used on input li
ne 58.
(pdftex.def)             Requested size: 597.78697pt x 773.60669pt.
[9 <./Code/Kalman_Filtering_Code.pdf>] <Code/Kalman_Filtering_Code.pdf, id=147,
 page=4, 614.295pt x 794.97pt>
File: Code/Kalman_Filtering_Code.pdf Graphic file (type pdf)
<use Code/Kalman_Filtering_Code.pdf, page 4>
Package pdftex.def Info: Code/Kalman_Filtering_Code.pdf, page4 used on input li
ne 58.
(pdftex.def)             Requested size: 597.78697pt x 773.60669pt.
File: Code/Kalman_Filtering_Code.pdf Graphic file (type pdf)
<use Code/Kalman_Filtering_Code.pdf, page 4>
Package pdftex.def Info: Code/Kalman_Filtering_Code.pdf, page4 used on input li
ne 58.
(pdftex.def)             Requested size: 597.78697pt x 773.60669pt.
File: Code/Kalman_Filtering_Code.pdf Graphic file (type pdf)
<use Code/Kalman_Filtering_Code.pdf, page 4>
Package pdftex.def Info: Code/Kalman_Filtering_Code.pdf, page4 used on input li
ne 58.
(pdftex.def)             Requested size: 597.78697pt x 773.60669pt.
[10 <./Code/Kalman_Filtering_Code.pdf>]
Package atveryend Info: Empty hook `BeforeClearDocument' on input line 60.
[11 <./Figures/diffPlotsVelocity-eps-converted-to.pdf>]
Package atveryend Info: Empty hook `AfterLastShipout' on input line 60.
(./.main.aux)
Package atveryend Info: Executing hook `AtVeryEndDocument' on input line 60.
Package atveryend Info: Executing hook `AtEndAfterFileList' on input line 60.
Package rerunfilecheck Info: File `.main.out' has not changed.
(rerunfilecheck)             Checksum: 8060B9F75719B2E320D1EDA843FD2B7A;767.
Package atveryend Info: Empty hook `AtVeryVeryEnd' on input line 60.
 ) 
Here is how much of TeX's memory you used:
 773 strings out of 482778
 12159 string characters out of 5990624
 255697 words of memory out of 5000000
 14592 multiletter control sequences out of 15000+600000
 10901 words of font info for 39 fonts, out of 8000000 for 9000
 957 hyphenation exceptions out of 8191
 41i,18n,46p,467b,457s stack positions out of 5000i,500n,10000p,200000b,80000s
</usr/local/texlive/2013/texmf-dist/fonts/type1/public/amsfonts/cm/cmbx12.pfb
></usr/local/texlive/2013/texmf-dist/fonts/type1/public/amsfonts/cm/cmex10.pfb>
</usr/local/texlive/2013/texmf-dist/fonts/type1/public/amsfonts/cm/cmmi12.pfb><
/usr/local/texlive/2013/texmf-dist/fonts/type1/public/amsfonts/cm/cmmi6.pfb></u
sr/local/texlive/2013/texmf-dist/fonts/type1/public/amsfonts/cm/cmmi8.pfb></usr
/local/texlive/2013/texmf-dist/fonts/type1/public/amsfonts/cm/cmr12.pfb></usr/l
ocal/texlive/2013/texmf-dist/fonts/type1/public/amsfonts/cm/cmr17.pfb></usr/loc
al/texlive/2013/texmf-dist/fonts/type1/public/amsfonts/cm/cmr8.pfb></usr/local/
texlive/2013/texmf-dist/fonts/type1/public/amsfonts/cm/cmsy10.pfb></usr/local/t
exlive/2013/texmf-dist/fonts/type1/public/amsfonts/cm/cmsy8.pfb></usr/local/tex
live/2013/texmf-dist/fonts/type1/public/amsfonts/cm/cmti12.pfb>
Output written on .main.pdf (11 pages, 176425 bytes).
PDF statistics:
 215 PDF objects out of 1000 (max. 8388607)
 166 compressed objects within 2 object streams
 32 named destinations out of 1000 (max. 500000)
 99 words of extra memory for PDF output out of 10000 (max. 10000000)

